2025-03-24 08:21:00 | DEBUG | repo=pv243-a4m36jee-2018-security-seminar | action=commit
2025-10-15 14:45:00 | WARN | repo=pv243-a4m36jee-2018-security-seminar | action=commit
2025-03-01 11:39:00 | INFO | repo=pv243-a4m36jee-2018-security-seminar | action=commit
2025-06-16 20:33:00 | INFO | repo=pv243-a4m36jee-2018-security-seminar | action=commit
2025-10-15 20:04:00 | WARN | repo=pv243-a4m36jee-2018-security-seminar | action=pull
2025-01-23 11:37:00 | WARN | repo=pv243-a4m36jee-2018-security-seminar | action=commit
2025-12-11 20:01:00 | INFO | repo=pv243-a4m36jee-2018-security-seminar | action=test | passed=true
2025-11-13 19:15:00 | WARN | repo=pv243-a4m36jee-2018-security-seminar | action=commit
2025-05-18 18:20:00 | DEBUG | repo=pv243-a4m36jee-2018-security-seminar | action=commit
2025-01-22 14:36:00 | DEBUG | repo=pv243-a4m36jee-2018-security-seminar | action=edit | files=1
2025-09-18 08:27:00 | DEBUG | repo=pv243-a4m36jee-2018-security-seminar | action=commit
2025-11-26 19:44:00 | DEBUG | repo=pv243-a4m36jee-2018-security-seminar | action=commit
2025-11-24 11:38:00 | INFO | repo=pv243-a4m36jee-2018-security-seminar | action=commit
2025-02-24 17:29:00 | WARN | repo=pv243-a4m36jee-2018-security-seminar | action=commit
2025-08-03 13:55:00 | WARN | repo=pv243-a4m36jee-2018-security-seminar | action=edit | files=1
2025-10-14 16:24:00 | WARN | repo=pv243-a4m36jee-2018-security-seminar | action=test | passed=true
2025-06-11 14:54:00 | INFO | repo=pv243-a4m36jee-2018-security-seminar | action=test | passed=true
2025-11-19 20:20:00 | INFO | repo=pv243-a4m36jee-2018-security-seminar | action=commit
2025-12-15 18:37:00 | DEBUG | repo=pv243-a4m36jee-2018-security-seminar | action=commit
2025-01-03 20:49:00 | INFO | repo=pv243-a4m36jee-2018-security-seminar | action=commit
2025-06-22 20:29:00 | DEBUG | repo=pv243-a4m36jee-2018-security-seminar | action=commit
2025-05-22 09:06:00 | WARN | repo=pv243-a4m36jee-2018-security-seminar | action=commit
